# JRE version: Java(TM) SE Runtime Environment (8.0_291-b10) (build 1.8.0_291-b10)
# Java VM: Java HotSpot(TM) 64-Bit Server VM (25.291-b10 mixed mode windows-amd64 compressed oops)
Heap:
 PSYoungGen      total 174592K, used 20515K [0x000000076e100000, 0x000000077c100000, 0x00000007c0000000)
  eden space 161280K, 12% used [0x000000076e100000,0x000000076f508ef8,0x0000000777e80000)
  from space 13312K, 0% used [0x0000000777e80000,0x0000000777e80000,0x0000000778b80000)
  to   space 13824K, 0% used [0x0000000778b80000,0x0000000778b80000,0x0000000779900000)
 ParOldGen       total 140800K, used 25142K [0x00000006ca200000, 0x00000006d2b80000, 0x000000076e100000)
  object space 140800K, 17% used [0x00000006ca200000,0x00000006cba8d938,0x00000006d2b80000)
 Metaspace       used 45976K, capacity 48732K, committed 49200K, reserved 1097728K
  class space    used 6048K, capacity 6577K, committed 6704K, reserved 1048576K
GC Heap History (10 events):
Event: 3.882 GC heap before
{Heap before GC invocations=6 (full 1):
 PSYoungGen      total 108032K, used 108009K [0x000000076e100000, 0x0000000776d00000, 0x00000007c0000000)
  eden space 101888K, 100% used [0x000000076e100000,0x0000000774480000,0x0000000774480000)
  from space 6144K, 99% used [0x0000000776700000,0x0000000776cfa6a8,0x0000000776d00000)
  to   space 10240K, 0% used [0x0000000775900000,0x0000000775900000,0x0000000776300000)
 ParOldGen       total 93184K, used 5938K [0x00000006ca200000, 0x00000006cfd00000, 0x000000076e100000)
  object space 93184K, 6% used [0x00000006ca200000,0x00000006ca7ccad0,0x00000006cfd00000)
 Metaspace       used 30041K, capacity 31952K, committed 32176K, reserved 1077248K
  class space    used 4022K, capacity 4426K, committed 4528K, reserved 1048576K
Event: 3.891 GC heap after
Heap after GC invocations=6 (full 1):
 PSYoungGen      total 133120K, used 10213K [0x000000076e100000, 0x0000000779900000, 0x00000007c0000000)
  eden space 122880K, 0% used [0x000000076e100000,0x000000076e100000,0x0000000775900000)
  from space 10240K, 99% used [0x0000000775900000,0x00000007762f9470,0x0000000776300000)
  to   space 13824K, 0% used [0x0000000778b80000,0x0000000778b80000,0x0000000779900000)
 ParOldGen       total 93184K, used 8239K [0x00000006ca200000, 0x00000006cfd00000, 0x000000076e100000)
  object space 93184K, 8% used [0x00000006ca200000,0x00000006caa0bdb8,0x00000006cfd00000)
 Metaspace       used 30041K, capacity 31952K, committed 32176K, reserved 1077248K
  class space    used 4022K, capacity 4426K, committed 4528K, reserved 1048576K
}
Event: 4.090 GC heap before
{Heap before GC invocations=7 (full 1):
 PSYoungGen      total 133120K, used 36003K [0x000000076e100000, 0x0000000779900000, 0x00000007c0000000)
  eden space 122880K, 20% used [0x000000076e100000,0x000000076fa2f8f8,0x0000000775900000)
  from space 10240K, 99% used [0x0000000775900000,0x00000007762f9470,0x0000000776300000)
  to   space 13824K, 0% used [0x0000000778b80000,0x0000000778b80000,0x0000000779900000)
 ParOldGen       total 93184K, used 8239K [0x00000006ca200000, 0x00000006cfd00000, 0x000000076e100000)
  object space 93184K, 8% used [0x00000006ca200000,0x00000006caa0bdb8,0x00000006cfd00000)
 Metaspace       used 33339K, capacity 35432K, committed 35496K, reserved 1079296K
  class space    used 4455K, capacity 4902K, committed 4912K, reserved 1048576K
Event: 4.097 GC heap after
Heap after GC invocations=7 (full 1):
 PSYoungGen      total 175104K, used 8521K [0x000000076e100000, 0x000000077c100000, 0x00000007c0000000)
  eden space 161280K, 0% used [0x000000076e100000,0x000000076e100000,0x0000000777e80000)
  from space 13824K, 61% used [0x0000000778b80000,0x00000007793d26e0,0x0000000779900000)
  to   space 13312K, 0% used [0x0000000777e80000,0x0000000777e80000,0x0000000778b80000)
 ParOldGen       total 93184K, used 8311K [0x00000006ca200000, 0x00000006cfd00000, 0x000000076e100000)
  object space 93184K, 8% used [0x00000006ca200000,0x00000006caa1ddc8,0x00000006cfd00000)
 Metaspace       used 33339K, capacity 35432K, committed 35496K, reserved 1079296K
  class space    used 4455K, capacity 4902K, committed 4912K, reserved 1048576K
}
Event: 4.097 GC heap before
{Heap before GC invocations=8 (full 2):
 PSYoungGen      total 175104K, used 8521K [0x000000076e100000, 0x000000077c100000, 0x00000007c0000000)
  eden space 161280K, 0% used [0x000000076e100000,0x000000076e100000,0x0000000777e80000)
  from space 13824K, 61% used [0x0000000778b80000,0x00000007793d26e0,0x0000000779900000)
  to   space 13312K, 0% used [0x0000000777e80000,0x0000000777e80000,0x0000000778b80000)
 ParOldGen       total 93184K, used 8311K [0x00000006ca200000, 0x00000006cfd00000, 0x000000076e100000)
  object space 93184K, 8% used [0x00000006ca200000,0x00000006caa1ddc8,0x00000006cfd00000)
 Metaspace       used 33339K, capacity 35432K, committed 35496K, reserved 1079296K
  class space    used 4455K, capacity 4902K, committed 4912K, reserved 1048576K
Event: 4.129 GC heap after
Heap after GC invocations=8 (full 2):
 PSYoungGen      total 175104K, used 0K [0x000000076e100000, 0x000000077c100000, 0x00000007c0000000)
  eden space 161280K, 0% used [0x000000076e100000,0x000000076e100000,0x0000000777e80000)
  from space 13824K, 0% used [0x0000000778b80000,0x0000000778b80000,0x0000000779900000)
  to   space 13312K, 0% used [0x0000000777e80000,0x0000000777e80000,0x0000000778b80000)
 ParOldGen       total 140800K, used 13085K [0x00000006ca200000, 0x00000006d2b80000, 0x000000076e100000)
  object space 140800K, 9% used [0x00000006ca200000,0x00000006caec77b0,0x00000006d2b80000)
 Metaspace       used 33339K, capacity 35432K, committed 35496K, reserved 1079296K
  class space    used 4455K, capacity 4902K, committed 4912K, reserved 1048576K
}
Event: 10.111 GC heap before
{Heap before GC invocations=9 (full 2):
 PSYoungGen      total 175104K, used 159425K [0x000000076e100000, 0x000000077c100000, 0x00000007c0000000)
  eden space 161280K, 98% used [0x000000076e100000,0x0000000777cb0670,0x0000000777e80000)
  from space 13824K, 0% used [0x0000000778b80000,0x0000000778b80000,0x0000000779900000)
  to   space 13312K, 0% used [0x0000000777e80000,0x0000000777e80000,0x0000000778b80000)
 ParOldGen       total 140800K, used 13085K [0x00000006ca200000, 0x00000006d2b80000, 0x000000076e100000)
  object space 140800K, 9% used [0x00000006ca200000,0x00000006caec77b0,0x00000006d2b80000)
 Metaspace       used 45649K, capacity 48376K, committed 48560K, reserved 1099776K
  class space    used 5996K, capacity 6505K, committed 6576K, reserved 1048576K
Event: 10.160 GC heap after
Heap after GC invocations=9 (full 2):
 PSYoungGen      total 174592K, used 13306K [0x000000076e100000, 0x000000077c100000, 0x00000007c0000000)
  eden space 161280K, 0% used [0x000000076e100000,0x000000076e100000,0x0000000777e80000)
  from space 13312K, 99% used [0x0000000777e80000,0x0000000778b7e970,0x0000000778b80000)
  to   space 13824K, 0% used [0x0000000778b80000,0x0000000778b80000,0x0000000779900000)
 ParOldGen       total 140800K, used 14682K [0x00000006ca200000, 0x00000006d2b80000, 0x000000076e100000)
  object space 140800K, 10% used [0x00000006ca200000,0x00000006cb056938,0x00000006d2b80000)
 Metaspace       used 45649K, capacity 48376K, committed 48560K, reserved 1099776K
  class space    used 5996K, capacity 6505K, committed 6576K, reserved 1048576K
}
Event: 10.160 GC heap before
{Heap before GC invocations=10 (full 3):
 PSYoungGen      total 174592K, used 13306K [0x000000076e100000, 0x000000077c100000, 0x00000007c0000000)
  eden space 161280K, 0% used [0x000000076e100000,0x000000076e100000,0x0000000777e80000)
  from space 13312K, 99% used [0x0000000777e80000,0x0000000778b7e970,0x0000000778b80000)
  to   space 13824K, 0% used [0x0000000778b80000,0x0000000778b80000,0x0000000779900000)
 ParOldGen       total 140800K, used 14682K [0x00000006ca200000, 0x00000006d2b80000, 0x000000076e100000)
  object space 140800K, 10% used [0x00000006ca200000,0x00000006cb056938,0x00000006d2b80000)
 Metaspace       used 45649K, capacity 48376K, committed 48560K, reserved 1099776K
  class space    used 5996K, capacity 6505K, committed 6576K, reserved 1048576K
Event: 10.264 GC heap after
Heap after GC invocations=10 (full 3):
 PSYoungGen      total 174592K, used 0K [0x000000076e100000, 0x000000077c100000, 0x00000007c0000000)
  eden space 161280K, 0% used [0x000000076e100000,0x000000076e100000,0x0000000777e80000)
  from space 13312K, 0% used [0x0000000777e80000,0x0000000777e80000,0x0000000778b80000)
  to   space 13824K, 0% used [0x0000000778b80000,0x0000000778b80000,0x0000000779900000)
 ParOldGen       total 140800K, used 25142K [0x00000006ca200000, 0x00000006d2b80000, 0x000000076e100000)
  object space 140800K, 17% used [0x00000006ca200000,0x00000006cba8d938,0x00000006d2b80000)
 Metaspace       used 45638K, capacity 48358K, committed 48560K, reserved 1097728K
  class space    used 5994K, capacity 6502K, committed 6576K, reserved 1048576K
}

